<?xml version="1.0" encoding="UTF-8"?>
<!-- Generated by org.testng.reporters.JUnitReportReporter -->
<testsuite hostname="LAPTOP-ED3B4Q90" failures="0" tests="1" name="week3.day1.basics.GetAllIncidents" time="5.984" errors="0" timestamp="2022-12-03T10:59:23 IST" skipped="0">
  <testcase classname="week3.day1.basics.GetAllIncidents" name="getAllIncidents" time="5.984"/>
  <system-out/>
</testsuite> <!-- week3.day1.basics.GetAllIncidents -->
